  fungYangCs301SimMain.cpp
C:\CS301Project\301Project\FungYangCs301PacmanUseLib\fungYangCs301SimMain.cpp(63,25): warning C4305: '=': truncation from 'double' to 'float'
C:\CS301Project\301Project\FungYangCs301PacmanUseLib\fungYangCs301SimMain.cpp(65,34): warning C4305: '=': truncation from 'double' to 'float'
C:\CS301Project\301Project\FungYangCs301PacmanUseLib\fungYangCs301SimMain.cpp(78,22): warning C4244: 'initializing': conversion from 'double' to 'float', possible loss of data
C:\CS301Project\301Project\FungYangCs301PacmanUseLib\fungYangCs301SimMain.cpp(114,21): warning C4018: '<': signed/unsigned mismatch
C:\CS301Project\301Project\FungYangCs301PacmanUseLib\fungYangCs301SimMain.cpp(140,23): warning C4244: 'initializing': conversion from 'double' to 'float', possible loss of data
C:\CS301Project\301Project\FungYangCs301PacmanUseLib\fungYangCs301SimMain.cpp(156,23): warning C4244: 'initializing': conversion from 'double' to 'float', possible loss of data
C:\CS301Project\301Project\FungYangCs301PacmanUseLib\fungYangCs301SimMain.cpp(158,14): warning C4244: 'initializing': conversion from 'float' to 'int', possible loss of data
  Generating code
  0 of 929 functions ( 0.0%) were compiled, the rest were copied from previous compilation.
    0 functions were new in current compilation
    9 functions had inline decision re-evaluated but remain unchanged
  Finished generating code
FungYangCs301PacmenRobotSimGameLib.lib(mazeGen.obj) : warning LNK4099: PDB 'FungYangCs301PacmenRobotSimGameLib.pdb' was not found with 'FungYangCs301PacmenRobotSimGameLib.lib(mazeGen.obj)' or at 'C:\CS301Project\301Project\Release\FungYangCs301PacmenRobotSimGameLib.pdb'; linking object as if no debug info
FungYangCs301PacmenRobotSimGameLib.lib(gameManager.obj) : warning LNK4099: PDB 'FungYangCs301PacmenRobotSimGameLib.pdb' was not found with 'FungYangCs301PacmenRobotSimGameLib.lib(gameManager.obj)' or at 'C:\CS301Project\301Project\Release\FungYangCs301PacmenRobotSimGameLib.pdb'; linking object as if no debug info
FungYangCs301PacmenRobotSimGameLib.lib(highPerformanceTimer.obj) : warning LNK4099: PDB 'FungYangCs301PacmenRobotSimGameLib.pdb' was not found with 'FungYangCs301PacmenRobotSimGameLib.lib(highPerformanceTimer.obj)' or at 'C:\CS301Project\301Project\Release\FungYangCs301PacmenRobotSimGameLib.pdb'; linking object as if no debug info
FungYangCs301PacmenRobotSimGameLib.lib(mainFungGLAppEngin.obj) : warning LNK4099: PDB 'FungYangCs301PacmenRobotSimGameLib.pdb' was not found with 'FungYangCs301PacmenRobotSimGameLib.lib(mainFungGLAppEngin.obj)' or at 'C:\CS301Project\301Project\Release\FungYangCs301PacmenRobotSimGameLib.pdb'; linking object as if no debug info
FungYangCs301PacmenRobotSimGameLib.lib(Geometry.obj) : warning LNK4099: PDB 'FungYangCs301PacmenRobotSimGameLib.pdb' was not found with 'FungYangCs301PacmenRobotSimGameLib.lib(Geometry.obj)' or at 'C:\CS301Project\301Project\Release\FungYangCs301PacmenRobotSimGameLib.pdb'; linking object as if no debug info
FungYangCs301PacmenRobotSimGameLib.lib(my_GL_Draw_Funcs.obj) : warning LNK4099: PDB 'FungYangCs301PacmenRobotSimGameLib.pdb' was not found with 'FungYangCs301PacmenRobotSimGameLib.lib(my_GL_Draw_Funcs.obj)' or at 'C:\CS301Project\301Project\Release\FungYangCs301PacmenRobotSimGameLib.pdb'; linking object as if no debug info
FungYangCs301PacmenRobotSimGameLib.lib(AStarManager.obj) : warning LNK4099: PDB 'FungYangCs301PacmenRobotSimGameLib.pdb' was not found with 'FungYangCs301PacmenRobotSimGameLib.lib(AStarManager.obj)' or at 'C:\CS301Project\301Project\Release\FungYangCs301PacmenRobotSimGameLib.pdb'; linking object as if no debug info
FungYangCs301PacmenRobotSimGameLib.lib(texture.obj) : warning LNK4099: PDB 'FungYangCs301PacmenRobotSimGameLib.pdb' was not found with 'FungYangCs301PacmenRobotSimGameLib.lib(texture.obj)' or at 'C:\CS301Project\301Project\Release\FungYangCs301PacmenRobotSimGameLib.pdb'; linking object as if no debug info
FungYangCs301PacmenRobotSimGameLib.lib(Lighting.obj) : warning LNK4099: PDB 'FungYangCs301PacmenRobotSimGameLib.pdb' was not found with 'FungYangCs301PacmenRobotSimGameLib.lib(Lighting.obj)' or at 'C:\CS301Project\301Project\Release\FungYangCs301PacmenRobotSimGameLib.pdb'; linking object as if no debug info
FungYangCs301PacmenRobotSimGameLib.lib(Utilities.obj) : warning LNK4099: PDB 'FungYangCs301PacmenRobotSimGameLib.pdb' was not found with 'FungYangCs301PacmenRobotSimGameLib.lib(Utilities.obj)' or at 'C:\CS301Project\301Project\Release\FungYangCs301PacmenRobotSimGameLib.pdb'; linking object as if no debug info
FungYangCs301PacmenRobotSimGameLib.lib(PathFinder.obj) : warning LNK4099: PDB 'FungYangCs301PacmenRobotSimGameLib.pdb' was not found with 'FungYangCs301PacmenRobotSimGameLib.lib(PathFinder.obj)' or at 'C:\CS301Project\301Project\Release\FungYangCs301PacmenRobotSimGameLib.pdb'; linking object as if no debug info
  FungYangCs301PacmanUseLib.vcxproj -> C:\CS301Project\301Project\Release\FungYangCs301PacmanUseLib.exe
