d:\comsys301-design test\demo\demo\fungyangcs301pacmanuselib\release\vc142.pdb
d:\comsys301-design test\demo\demo\fungyangcs301pacmanuselib\release\fungyangcs301simmain.obj
d:\comsys301-design test\demo\demo\fungyangcs301pacmanuselib\release\data.obj
c:\users\nickk\documents\github\301project\fungyangcs301pacmanuselib\release\vc142.pdb
c:\users\nickk\documents\github\301project\fungyangcs301pacmanuselib\release\fungyangcs301simmain.obj
c:\users\nickk\documents\github\301project\fungyangcs301pacmanuselib\release\data.obj
d:\comsys301-design test\demo\demo\release\fungyangcs301pacmanuselib.ipdb
d:\comsys301-design test\demo\demo\release\fungyangcs301pacmanuselib.iobj
c:\users\nickk\documents\github\301project\release\fungyangcs301pacmanuselib.ipdb
c:\users\nickk\documents\github\301project\release\fungyangcs301pacmanuselib.iobj
d:\comsys301-design test\demo\demo\release\fungyangcs301pacmanuselib.exe
d:\comsys301-design test\demo\demo\release\fungyangcs301pacmanuselib.pdb
c:\users\nickk\documents\github\301project\release\fungyangcs301pacmanuselib.exe
c:\users\nickk\documents\github\301project\release\fungyangcs301pacmanuselib.pdb
c:\users\nickk\documents\github\301project\fungyangcs301pacmanuselib\release\fungyang.d2cca175.tlog\cl.command.1.tlog
c:\users\nickk\documents\github\301project\fungyangcs301pacmanuselib\release\fungyang.d2cca175.tlog\cl.read.1.tlog
c:\users\nickk\documents\github\301project\fungyangcs301pacmanuselib\release\fungyang.d2cca175.tlog\cl.write.1.tlog
c:\users\nickk\documents\github\301project\fungyangcs301pacmanuselib\release\fungyang.d2cca175.tlog\fungyangcs301pacmanuselib.write.1u.tlog
c:\users\nickk\documents\github\301project\fungyangcs301pacmanuselib\release\fungyang.d2cca175.tlog\link.command.1.tlog
c:\users\nickk\documents\github\301project\fungyangcs301pacmanuselib\release\fungyang.d2cca175.tlog\link.read.1.tlog
c:\users\nickk\documents\github\301project\fungyangcs301pacmanuselib\release\fungyang.d2cca175.tlog\link.write.1.tlog
